<?xml version="1.0" encoding="UTF-8"?>
<beans xmlns="http://www.springframework.org/schema/beans"
	xmlns:xsi="http://www.w3.org/2001/XMLSchema-instance" xmlns:context="http://www.springframework.org/schema/context"
	xmlns:aop="http://www.springframework.org/schema/aop" xmlns:tx="http://www.springframework.org/schema/tx"
	xsi:schemaLocation="http://www.springframework.org/schema/aop http://www.springframework.org/schema/aop/spring-aop-3.1.xsd
		http://www.springframework.org/schema/beans http://www.springframework.org/schema/beans/spring-beans.xsd
		http://www.springframework.org/schema/tx http://www.springframework.org/schema/tx/spring-tx-3.1.xsd
		http://www.springframework.org/schema/context http://www.springframework.org/schema/context/spring-context-3.1.xsd">
	<context:property-placeholder location="classpath*:jdbc.properties" />
	<tx:annotation-driven />
	<context:component-scan base-package="com.vmware.bdd.service.impl"></context:component-scan>
	<context:component-scan base-package="com.vmware.bdd.manager"></context:component-scan>

	<bean id="dataSource"
		class="org.springframework.jdbc.datasource.DriverManagerDataSource">
		<property name="driverClassName" value="${jdbc.driverClassName}" />
		<property name="url" value="${jdbc.url}" />
		<property name="username" value="${jdbc.username}" />
		<property name="password" value="${jdbc.password}" />
	</bean>

	<bean id="transactionManager"
		class="org.springframework.jdbc.datasource.DataSourceTransactionManager">
		<property name="dataSource" ref="dataSource"></property>
	</bean>



	<bean id="retryTransaction" class="com.vmware.bdd.aop.tx.RetryTransactionAdvice"></bean>
	<bean id="loggingAspectBean" class="com.vmware.bdd.aop.logging.ExceptionHandlerAspect"></bean>
	<bean id="readLock" class="com.vmware.bdd.aop.lock.ClusterEntityConcurentWriteLockAdvice"></bean>
	<bean id="writeLock" class="com.vmware.bdd.aop.lock.ClusterEntityExclusiveWriteLockAdvice"></bean>

	<aop:config>
		<aop:pointcut id="rertryTransactionOperation"
			expression="execution(* com.vmware.bdd.service..*.*(..)) and @annotation(com.vmware.bdd.aop.annotation.RetryTransaction)" />
		<aop:aspect id="retryAspect" ref="retryTransaction">
			<aop:around method="retry" pointcut-ref="rertryTransactionOperation" />
		</aop:aspect>
	</aop:config>

	<aop:config>
		<aop:pointcut id="logExceptionPointcut"
			expression="execution(* com.vmware.bdd.service..*.*(..)) and not @annotation(com.vmware.bdd.aop.annotation.DisableExceptionLogging)" />
		<aop:aspect id="log" ref="loggingAspectBean">
			<aop:after-throwing method="logException"
				throwing="t" pointcut-ref="logExceptionPointcut" />
		</aop:aspect>
	</aop:config>
	<aop:config>
		<aop:pointcut id="readLockClusterEntityLock"
			expression="execution(* com.vmware.bdd.manager..*.*(..)) and @annotation(com.vmware.bdd.aop.annotation.ClusterEntityConcurrentWriteLock)" />
		<aop:aspect id="readLockAspect" ref="readLock">
			<aop:around method="lock" pointcut-ref="readLockClusterEntityLock" />
		</aop:aspect>
	</aop:config>

	<aop:config>
		<aop:pointcut id="writeLockClusterEntityLock"
			expression="execution(* com.vmware.bdd.manager..*.*(..)) and @annotation(com.vmware.bdd.aop.annotation.ClusterEntityExclusiveWriteLock)" />
		<aop:aspect id="writeLockAspect" ref="writeLock">
			<aop:around method="lock" pointcut-ref="writeLockClusterEntityLock" />
		</aop:aspect>
	</aop:config>

</beans>
