<?xml version="1.0" encoding="UTF-8"?>
<beans xmlns="http://www.springframework.org/schema/beans"
       xmlns:context="http://www.springframework.org/schema/context"
       xmlns:mvc="http://www.springframework.org/schema/mvc"
       xmlns:xsi="http://www.w3.org/2001/XMLSchema-instance"
       xsi:schemaLocation="
        http://www.springframework.org/schema/beans
        http://www.springframework.org/schema/beans/spring-beans.xsd
        http://www.springframework.org/schema/context
        http://www.springframework.org/schema/context/spring-context-3.1.xsd
        http://www.springframework.org/schema/mvc
        http://www.springframework.org/schema/mvc/spring-mvc.xsd">

   <bean name="userMgmtServerService" class="org.mockito.Mockito" factory-method="mock">
      <constructor-arg value="com.vmware.bdd.usermgmt.UserMgmtServerService"/>
   </bean>

   <mvc:annotation-driven />
   <mvc:default-servlet-handler />

   <context:component-scan base-package="com.vmware.bdd.rest" >
      <context:exclude-filter type="regex" expression="com\.vmware\.bdd\.rest\.CollectionRestResource" />
      <context:exclude-filter type="regex" expression="com\.vmware\.bdd\.rest\.RestResource" />
      <context:exclude-filter type="regex" expression="com\.vmware\.bdd\.rest\.MgmtVMConfigController" />
   </context:component-scan>

   <context:component-scan base-package="com.vmware.bdd" />
</beans>